# JRE version: Java(TM) SE Runtime Environment (8.0_111-b14) (build 1.8.0_111-b14)
# Java VM: Java HotSpot(TM) 64-Bit Server VM (25.111-b14 mixed mode windows-amd64 compressed oops)
Heap:
 PSYoungGen      total 167936K, used 39876K [0x00000000db000000, 0x00000000e6580000, 0x0000000100000000)
  eden space 157184K, 18% used [0x00000000db000000,0x00000000dcc75490,0x00000000e4980000)
  from space 10752K, 99% used [0x00000000e5800000,0x00000000e627bd78,0x00000000e6280000)
  to   space 14336K, 0% used [0x00000000e4980000,0x00000000e4980000,0x00000000e5780000)
 ParOldGen       total 71680K, used 22769K [0x0000000091000000, 0x0000000095600000, 0x00000000db000000)
  object space 71680K, 31% used [0x0000000091000000,0x000000009263c400,0x0000000095600000)
 Metaspace       used 54812K, capacity 58478K, committed 58624K, reserved 1099776K
  class space    used 7487K, capacity 8141K, committed 8192K, reserved 1048576K
GC Heap History (10 events):
Event: 12.682 GC heap before
{Heap before GC invocations=10 (full 1):
 PSYoungGen      total 97280K, used 97151K [0x00000000db000000, 0x00000000e1980000, 0x0000000100000000)
  eden space 91136K, 100% used [0x00000000db000000,0x00000000e0900000,0x00000000e0900000)
  from space 6144K, 97% used [0x00000000e1380000,0x00000000e195fda0,0x00000000e1980000)
  to   space 8192K, 0% used [0x00000000e0980000,0x00000000e0980000,0x00000000e1180000)
 ParOldGen       total 48128K, used 7217K [0x0000000091000000, 0x0000000093f00000, 0x00000000db000000)
  object space 48128K, 14% used [0x0000000091000000,0x000000009170c7f8,0x0000000093f00000)
 Metaspace       used 30557K, capacity 32144K, committed 32384K, reserved 1077248K
  class space    used 4061K, capacity 4388K, committed 4480K, reserved 1048576K
Event: 12.693 GC heap after
Heap after GC invocations=10 (full 1):
 PSYoungGen      total 99840K, used 8191K [0x00000000db000000, 0x00000000e3a80000, 0x0000000100000000)
  eden space 91648K, 0% used [0x00000000db000000,0x00000000db000000,0x00000000e0980000)
  from space 8192K, 99% used [0x00000000e0980000,0x00000000e117fea8,0x00000000e1180000)
  to   space 9216K, 0% used [0x00000000e3180000,0x00000000e3180000,0x00000000e3a80000)
 ParOldGen       total 48128K, used 8083K [0x0000000091000000, 0x0000000093f00000, 0x00000000db000000)
  object space 48128K, 16% used [0x0000000091000000,0x00000000917e4f90,0x0000000093f00000)
 Metaspace       used 30557K, capacity 32144K, committed 32384K, reserved 1077248K
  class space    used 4061K, capacity 4388K, committed 4480K, reserved 1048576K
}
Event: 13.448 GC heap before
{Heap before GC invocations=11 (full 1):
 PSYoungGen      total 99840K, used 42285K [0x00000000db000000, 0x00000000e3a80000, 0x0000000100000000)
  eden space 91648K, 37% used [0x00000000db000000,0x00000000dd14b928,0x00000000e0980000)
  from space 8192K, 99% used [0x00000000e0980000,0x00000000e117fea8,0x00000000e1180000)
  to   space 9216K, 0% used [0x00000000e3180000,0x00000000e3180000,0x00000000e3a80000)
 ParOldGen       total 48128K, used 8083K [0x0000000091000000, 0x0000000093f00000, 0x00000000db000000)
  object space 48128K, 16% used [0x0000000091000000,0x00000000917e4f90,0x0000000093f00000)
 Metaspace       used 33668K, capacity 35406K, committed 35496K, reserved 1079296K
  class space    used 4473K, capacity 4801K, committed 4864K, reserved 1048576K
Event: 13.462 GC heap after
Heap after GC invocations=11 (full 1):
 PSYoungGen      total 133120K, used 6122K [0x00000000db000000, 0x00000000e3b00000, 0x0000000100000000)
  eden space 123904K, 0% used [0x00000000db000000,0x00000000db000000,0x00000000e2900000)
  from space 9216K, 66% used [0x00000000e3180000,0x00000000e377a860,0x00000000e3a80000)
  to   space 8704K, 0% used [0x00000000e2900000,0x00000000e2900000,0x00000000e3180000)
 ParOldGen       total 48128K, used 10700K [0x0000000091000000, 0x0000000093f00000, 0x00000000db000000)
  object space 48128K, 22% used [0x0000000091000000,0x0000000091a73258,0x0000000093f00000)
 Metaspace       used 33668K, capacity 35406K, committed 35496K, reserved 1079296K
  class space    used 4473K, capacity 4801K, committed 4864K, reserved 1048576K
}
Event: 13.462 GC heap before
{Heap before GC invocations=12 (full 2):
 PSYoungGen      total 133120K, used 6122K [0x00000000db000000, 0x00000000e3b00000, 0x0000000100000000)
  eden space 123904K, 0% used [0x00000000db000000,0x00000000db000000,0x00000000e2900000)
  from space 9216K, 66% used [0x00000000e3180000,0x00000000e377a860,0x00000000e3a80000)
  to   space 8704K, 0% used [0x00000000e2900000,0x00000000e2900000,0x00000000e3180000)
 ParOldGen       total 48128K, used 10700K [0x0000000091000000, 0x0000000093f00000, 0x00000000db000000)
  object space 48128K, 22% used [0x0000000091000000,0x0000000091a73258,0x0000000093f00000)
 Metaspace       used 33668K, capacity 35406K, committed 35496K, reserved 1079296K
  class space    used 4473K, capacity 4801K, committed 4864K, reserved 1048576K
Event: 13.578 GC heap after
Heap after GC invocations=12 (full 2):
 PSYoungGen      total 133120K, used 0K [0x00000000db000000, 0x00000000e3b00000, 0x0000000100000000)
  eden space 123904K, 0% used [0x00000000db000000,0x00000000db000000,0x00000000e2900000)
  from space 9216K, 0% used [0x00000000e3180000,0x00000000e3180000,0x00000000e3a80000)
  to   space 8704K, 0% used [0x00000000e2900000,0x00000000e2900000,0x00000000e3180000)
 ParOldGen       total 71680K, used 13524K [0x0000000091000000, 0x0000000095600000, 0x00000000db000000)
  object space 71680K, 18% used [0x0000000091000000,0x0000000091d35298,0x0000000095600000)
 Metaspace       used 33668K, capacity 35406K, committed 35496K, reserved 1079296K
  class space    used 4473K, capacity 4801K, committed 4864K, reserved 1048576K
}
Event: 19.444 GC heap before
{Heap before GC invocations=13 (full 2):
 PSYoungGen      total 133120K, used 123904K [0x00000000db000000, 0x00000000e3b00000, 0x0000000100000000)
  eden space 123904K, 100% used [0x00000000db000000,0x00000000e2900000,0x00000000e2900000)
  from space 9216K, 0% used [0x00000000e3180000,0x00000000e3180000,0x00000000e3a80000)
  to   space 8704K, 0% used [0x00000000e2900000,0x00000000e2900000,0x00000000e3180000)
 ParOldGen       total 71680K, used 13524K [0x0000000091000000, 0x0000000095600000, 0x00000000db000000)
  object space 71680K, 18% used [0x0000000091000000,0x0000000091d35298,0x0000000095600000)
 Metaspace       used 41690K, capacity 44198K, committed 44288K, reserved 1087488K
  class space    used 5607K, capacity 6085K, committed 6144K, reserved 1048576K
Event: 19.467 GC heap after
Heap after GC invocations=13 (full 2):
 PSYoungGen      total 132608K, used 8680K [0x00000000db000000, 0x00000000e6280000, 0x0000000100000000)
  eden space 123904K, 0% used [0x00000000db000000,0x00000000db000000,0x00000000e2900000)
  from space 8704K, 99% used [0x00000000e2900000,0x00000000e317a0b8,0x00000000e3180000)
  to   space 10752K, 0% used [0x00000000e5800000,0x00000000e5800000,0x00000000e6280000)
 ParOldGen       total 71680K, used 15974K [0x0000000091000000, 0x0000000095600000, 0x00000000db000000)
  object space 71680K, 22% used [0x0000000091000000,0x0000000091f99be8,0x0000000095600000)
 Metaspace       used 41690K, capacity 44198K, committed 44288K, reserved 1087488K
  class space    used 5607K, capacity 6085K, committed 6144K, reserved 1048576K
}
Event: 52.722 GC heap before
{Heap before GC invocations=14 (full 2):
 PSYoungGen      total 132608K, used 132584K [0x00000000db000000, 0x00000000e6280000, 0x0000000100000000)
  eden space 123904K, 100% used [0x00000000db000000,0x00000000e2900000,0x00000000e2900000)
  from space 8704K, 99% used [0x00000000e2900000,0x00000000e317a0b8,0x00000000e3180000)
  to   space 10752K, 0% used [0x00000000e5800000,0x00000000e5800000,0x00000000e6280000)
 ParOldGen       total 71680K, used 15974K [0x0000000091000000, 0x0000000095600000, 0x00000000db000000)
  object space 71680K, 22% used [0x0000000091000000,0x0000000091f99be8,0x0000000095600000)
 Metaspace       used 52597K, capacity 55882K, committed 56192K, reserved 1097728K
  class space    used 7157K, capacity 7747K, committed 7808K, reserved 1048576K
Event: 52.801 GC heap after
Heap after GC invocations=14 (full 2):
 PSYoungGen      total 167936K, used 10735K [0x00000000db000000, 0x00000000e6580000, 0x0000000100000000)
  eden space 157184K, 0% used [0x00000000db000000,0x00000000db000000,0x00000000e4980000)
  from space 10752K, 99% used [0x00000000e5800000,0x00000000e627bd78,0x00000000e6280000)
  to   space 14336K, 0% used [0x00000000e4980000,0x00000000e4980000,0x00000000e5780000)
 ParOldGen       total 71680K, used 22769K [0x0000000091000000, 0x0000000095600000, 0x00000000db000000)
  object space 71680K, 31% used [0x0000000091000000,0x000000009263c400,0x0000000095600000)
 Metaspace       used 52597K, capacity 55882K, committed 56192K, reserved 1097728K
  class space    used 7157K, capacity 7747K, committed 7808K, reserved 1048576K
}

