# JRE version: Java(TM) SE Runtime Environment (8.0_111-b14) (build 1.8.0_111-b14)
# Java VM: Java HotSpot(TM) 64-Bit Server VM (25.111-b14 mixed mode windows-amd64 compressed oops)
Heap:
 PSYoungGen      total 229376K, used 97361K [0x00000000db000000, 0x00000000ee400000, 0x0000000100000000)
  eden space 216576K, 40% used [0x00000000db000000,0x00000000e04c7b58,0x00000000e8380000)
  from space 12800K, 82% used [0x00000000e8380000,0x00000000e8dccbd8,0x00000000e9000000)
  to   space 13824K, 0% used [0x00000000ed680000,0x00000000ed680000,0x00000000ee400000)
 ParOldGen       total 61952K, used 19945K [0x0000000091000000, 0x0000000094c80000, 0x00000000db000000)
  object space 61952K, 32% used [0x0000000091000000,0x000000009237a550,0x0000000094c80000)
 Metaspace       used 46837K, capacity 49436K, committed 49792K, reserved 1093632K
  class space    used 6185K, capacity 6660K, committed 6784K, reserved 1048576K
GC Heap History (10 events):
Event: 25.907 GC heap before
{Heap before GC invocations=11 (full 1):
 PSYoungGen      total 118784K, used 118777K [0x00000000db000000, 0x00000000e5580000, 0x0000000100000000)
  eden space 111616K, 100% used [0x00000000db000000,0x00000000e1d00000,0x00000000e1d00000)
  from space 7168K, 99% used [0x00000000e1d00000,0x00000000e23fe638,0x00000000e2400000)
  to   space 8192K, 0% used [0x00000000e4d80000,0x00000000e4d80000,0x00000000e5580000)
 ParOldGen       total 43520K, used 8654K [0x0000000091000000, 0x0000000093a80000, 0x00000000db000000)
  object space 43520K, 19% used [0x0000000091000000,0x0000000091873ad0,0x0000000093a80000)
 Metaspace       used 32419K, capacity 34002K, committed 34176K, reserved 1079296K
  class space    used 4296K, capacity 4621K, committed 4736K, reserved 1048576K
Event: 26.077 GC heap after
Heap after GC invocations=11 (full 1):
 PSYoungGen      total 159232K, used 8187K [0x00000000db000000, 0x00000000e6580000, 0x0000000100000000)
  eden space 151040K, 0% used [0x00000000db000000,0x00000000db000000,0x00000000e4380000)
  from space 8192K, 99% used [0x00000000e4d80000,0x00000000e557ee88,0x00000000e5580000)
  to   space 10240K, 0% used [0x00000000e4380000,0x00000000e4380000,0x00000000e4d80000)
 ParOldGen       total 43520K, used 12198K [0x0000000091000000, 0x0000000093a80000, 0x00000000db000000)
  object space 43520K, 28% used [0x0000000091000000,0x0000000091be9bc8,0x0000000093a80000)
 Metaspace       used 32419K, capacity 34002K, committed 34176K, reserved 1079296K
  class space    used 4296K, capacity 4621K, committed 4736K, reserved 1048576K
}
Event: 27.563 GC heap before
{Heap before GC invocations=12 (full 1):
 PSYoungGen      total 159232K, used 29731K [0x00000000db000000, 0x00000000e6580000, 0x0000000100000000)
  eden space 151040K, 14% used [0x00000000db000000,0x00000000dc50a130,0x00000000e4380000)
  from space 8192K, 99% used [0x00000000e4d80000,0x00000000e557ee88,0x00000000e5580000)
  to   space 10240K, 0% used [0x00000000e4380000,0x00000000e4380000,0x00000000e4d80000)
 ParOldGen       total 43520K, used 12198K [0x0000000091000000, 0x0000000093a80000, 0x00000000db000000)
  object space 43520K, 28% used [0x0000000091000000,0x0000000091be9bc8,0x0000000093a80000)
 Metaspace       used 33770K, capacity 35406K, committed 35496K, reserved 1079296K
  class space    used 4483K, capacity 4811K, committed 4864K, reserved 1048576K
Event: 27.579 GC heap after
Heap after GC invocations=12 (full 1):
 PSYoungGen      total 161280K, used 1862K [0x00000000db000000, 0x00000000e9c80000, 0x0000000100000000)
  eden space 151040K, 0% used [0x00000000db000000,0x00000000db000000,0x00000000e4380000)
  from space 10240K, 18% used [0x00000000e4380000,0x00000000e45518e0,0x00000000e4d80000)
  to   space 10752K, 0% used [0x00000000e9200000,0x00000000e9200000,0x00000000e9c80000)
 ParOldGen       total 43520K, used 17633K [0x0000000091000000, 0x0000000093a80000, 0x00000000db000000)
  object space 43520K, 40% used [0x0000000091000000,0x0000000092138678,0x0000000093a80000)
 Metaspace       used 33770K, capacity 35406K, committed 35496K, reserved 1079296K
  class space    used 4483K, capacity 4811K, committed 4864K, reserved 1048576K
}
Event: 27.579 GC heap before
{Heap before GC invocations=13 (full 2):
 PSYoungGen      total 161280K, used 1862K [0x00000000db000000, 0x00000000e9c80000, 0x0000000100000000)
  eden space 151040K, 0% used [0x00000000db000000,0x00000000db000000,0x00000000e4380000)
  from space 10240K, 18% used [0x00000000e4380000,0x00000000e45518e0,0x00000000e4d80000)
  to   space 10752K, 0% used [0x00000000e9200000,0x00000000e9200000,0x00000000e9c80000)
 ParOldGen       total 43520K, used 17633K [0x0000000091000000, 0x0000000093a80000, 0x00000000db000000)
  object space 43520K, 40% used [0x0000000091000000,0x0000000092138678,0x0000000093a80000)
 Metaspace       used 33770K, capacity 35406K, committed 35496K, reserved 1079296K
  class space    used 4483K, capacity 4811K, committed 4864K, reserved 1048576K
Event: 27.780 GC heap after
Heap after GC invocations=13 (full 2):
 PSYoungGen      total 161280K, used 0K [0x00000000db000000, 0x00000000e9c80000, 0x0000000100000000)
  eden space 151040K, 0% used [0x00000000db000000,0x00000000db000000,0x00000000e4380000)
  from space 10240K, 0% used [0x00000000e4380000,0x00000000e4380000,0x00000000e4d80000)
  to   space 10752K, 0% used [0x00000000e9200000,0x00000000e9200000,0x00000000e9c80000)
 ParOldGen       total 61952K, used 13466K [0x0000000091000000, 0x0000000094c80000, 0x00000000db000000)
  object space 61952K, 21% used [0x0000000091000000,0x0000000091d26b30,0x0000000094c80000)
 Metaspace       used 33770K, capacity 35406K, committed 35496K, reserved 1079296K
  class space    used 4483K, capacity 4811K, committed 4864K, reserved 1048576K
}
Event: 34.607 GC heap before
{Heap before GC invocations=14 (full 2):
 PSYoungGen      total 161280K, used 151040K [0x00000000db000000, 0x00000000e9c80000, 0x0000000100000000)
  eden space 151040K, 100% used [0x00000000db000000,0x00000000e4380000,0x00000000e4380000)
  from space 10240K, 0% used [0x00000000e4380000,0x00000000e4380000,0x00000000e4d80000)
  to   space 10752K, 0% used [0x00000000e9200000,0x00000000e9200000,0x00000000e9c80000)
 ParOldGen       total 61952K, used 13466K [0x0000000091000000, 0x0000000094c80000, 0x00000000db000000)
  object space 61952K, 21% used [0x0000000091000000,0x0000000091d26b30,0x0000000094c80000)
 Metaspace       used 41586K, capacity 43576K, committed 43648K, reserved 1087488K
  class space    used 5565K, capacity 5968K, committed 6016K, reserved 1048576K
Event: 34.636 GC heap after
Heap after GC invocations=14 (full 2):
 PSYoungGen      total 221696K, used 10725K [0x00000000db000000, 0x00000000e9c80000, 0x0000000100000000)
  eden space 210944K, 0% used [0x00000000db000000,0x00000000db000000,0x00000000e7e00000)
  from space 10752K, 99% used [0x00000000e9200000,0x00000000e9c79418,0x00000000e9c80000)
  to   space 12800K, 0% used [0x00000000e8380000,0x00000000e8380000,0x00000000e9000000)
 ParOldGen       total 61952K, used 15857K [0x0000000091000000, 0x0000000094c80000, 0x00000000db000000)
  object space 61952K, 25% used [0x0000000091000000,0x0000000091f7c4a0,0x0000000094c80000)
 Metaspace       used 41586K, capacity 43576K, committed 43648K, reserved 1087488K
  class space    used 5565K, capacity 5968K, committed 6016K, reserved 1048576K
}
Event: 43.689 GC heap before
{Heap before GC invocations=15 (full 2):
 PSYoungGen      total 221696K, used 221669K [0x00000000db000000, 0x00000000e9c80000, 0x0000000100000000)
  eden space 210944K, 100% used [0x00000000db000000,0x00000000e7e00000,0x00000000e7e00000)
  from space 10752K, 99% used [0x00000000e9200000,0x00000000e9c79418,0x00000000e9c80000)
  to   space 12800K, 0% used [0x00000000e8380000,0x00000000e8380000,0x00000000e9000000)
 ParOldGen       total 61952K, used 15857K [0x0000000091000000, 0x0000000094c80000, 0x00000000db000000)
  object space 61952K, 25% used [0x0000000091000000,0x0000000091f7c4a0,0x0000000094c80000)
 Metaspace       used 45568K, capacity 47960K, committed 48256K, reserved 1091584K
  class space    used 6024K, capacity 6478K, committed 6528K, reserved 1048576K
Event: 43.719 GC heap after
Heap after GC invocations=15 (full 2):
 PSYoungGen      total 229376K, used 10546K [0x00000000db000000, 0x00000000ee400000, 0x0000000100000000)
  eden space 216576K, 0% used [0x00000000db000000,0x00000000db000000,0x00000000e8380000)
  from space 12800K, 82% used [0x00000000e8380000,0x00000000e8dccbd8,0x00000000e9000000)
  to   space 13824K, 0% used [0x00000000ed680000,0x00000000ed680000,0x00000000ee400000)
 ParOldGen       total 61952K, used 19945K [0x0000000091000000, 0x0000000094c80000, 0x00000000db000000)
  object space 61952K, 32% used [0x0000000091000000,0x000000009237a550,0x0000000094c80000)
 Metaspace       used 45568K, capacity 47960K, committed 48256K, reserved 1091584K
  class space    used 6024K, capacity 6478K, committed 6528K, reserved 1048576K
}

