# JRE version: Java(TM) SE Runtime Environment (8.0_111-b14) (build 1.8.0_111-b14)
# Java VM: Java HotSpot(TM) 64-Bit Server VM (25.111-b14 mixed mode windows-amd64 compressed oops)
Heap:
 PSYoungGen      total 120320K, used 40717K [0x00000000db000000, 0x00000000e2e00000, 0x0000000100000000)
  eden space 113152K, 35% used [0x00000000db000000,0x00000000dd7c3550,0x00000000e1e80000)
  from space 7168K, 0% used [0x00000000e2600000,0x00000000e2600000,0x00000000e2d00000)
  to   space 7680K, 0% used [0x00000000e1e80000,0x00000000e1e80000,0x00000000e2600000)
 ParOldGen       total 42496K, used 5720K [0x0000000091000000, 0x0000000093980000, 0x00000000db000000)
  object space 42496K, 13% used [0x0000000091000000,0x0000000091596050,0x0000000093980000)
 Metaspace       used 23341K, capacity 24526K, committed 24700K, reserved 1071104K
  class space    used 3096K, capacity 3367K, committed 3456K, reserved 1048576K
GC Heap History (10 events):
Event: 4.307 GC heap before
{Heap before GC invocations=5 (full 0):
 PSYoungGen      total 33280K, used 33250K [0x00000000db000000, 0x00000000dd500000, 0x0000000100000000)
  eden space 28672K, 100% used [0x00000000db000000,0x00000000dcc00000,0x00000000dcc00000)
  from space 4608K, 99% used [0x00000000dd080000,0x00000000dd4f89c0,0x00000000dd500000)
  to   space 4608K, 0% used [0x00000000dcc00000,0x00000000dcc00000,0x00000000dd080000)
 ParOldGen       total 76800K, used 1468K [0x0000000091000000, 0x0000000095b00000, 0x00000000db000000)
  object space 76800K, 1% used [0x0000000091000000,0x000000009116f038,0x0000000095b00000)
 Metaspace       used 16927K, capacity 17750K, committed 17920K, reserved 1064960K
  class space    used 2223K, capacity 2437K, committed 2560K, reserved 1048576K
Event: 4.316 GC heap after
Heap after GC invocations=5 (full 0):
 PSYoungGen      total 33280K, used 4578K [0x00000000db000000, 0x00000000df600000, 0x0000000100000000)
  eden space 28672K, 0% used [0x00000000db000000,0x00000000db000000,0x00000000dcc00000)
  from space 4608K, 99% used [0x00000000dcc00000,0x00000000dd0789c0,0x00000000dd080000)
  to   space 7168K, 0% used [0x00000000def00000,0x00000000def00000,0x00000000df600000)
 ParOldGen       total 76800K, used 3042K [0x0000000091000000, 0x0000000095b00000, 0x00000000db000000)
  object space 76800K, 3% used [0x0000000091000000,0x00000000912f8bc0,0x0000000095b00000)
 Metaspace       used 16927K, capacity 17750K, committed 17920K, reserved 1064960K
  class space    used 2223K, capacity 2437K, committed 2560K, reserved 1048576K
}
Event: 4.550 GC heap before
{Heap before GC invocations=6 (full 0):
 PSYoungGen      total 33280K, used 33250K [0x00000000db000000, 0x00000000df600000, 0x0000000100000000)
  eden space 28672K, 100% used [0x00000000db000000,0x00000000dcc00000,0x00000000dcc00000)
  from space 4608K, 99% used [0x00000000dcc00000,0x00000000dd0789c0,0x00000000dd080000)
  to   space 7168K, 0% used [0x00000000def00000,0x00000000def00000,0x00000000df600000)
 ParOldGen       total 76800K, used 3042K [0x0000000091000000, 0x0000000095b00000, 0x00000000db000000)
  object space 76800K, 3% used [0x0000000091000000,0x00000000912f8bc0,0x0000000095b00000)
 Metaspace       used 18062K, capacity 18940K, committed 19072K, reserved 1064960K
  class space    used 2441K, capacity 2654K, committed 2688K, reserved 1048576K
Event: 4.559 GC heap after
Heap after GC invocations=6 (full 0):
 PSYoungGen      total 64000K, used 6318K [0x00000000db000000, 0x00000000df700000, 0x0000000100000000)
  eden space 56832K, 0% used [0x00000000db000000,0x00000000db000000,0x00000000de780000)
  from space 7168K, 88% used [0x00000000def00000,0x00000000df52b848,0x00000000df600000)
  to   space 7680K, 0% used [0x00000000de780000,0x00000000de780000,0x00000000def00000)
 ParOldGen       total 76800K, used 3050K [0x0000000091000000, 0x0000000095b00000, 0x00000000db000000)
  object space 76800K, 3% used [0x0000000091000000,0x00000000912fabc0,0x0000000095b00000)
 Metaspace       used 18062K, capacity 18940K, committed 19072K, reserved 1064960K
  class space    used 2441K, capacity 2654K, committed 2688K, reserved 1048576K
}
Event: 4.888 GC heap before
{Heap before GC invocations=7 (full 0):
 PSYoungGen      total 64000K, used 34536K [0x00000000db000000, 0x00000000df700000, 0x0000000100000000)
  eden space 56832K, 49% used [0x00000000db000000,0x00000000dcb8e9e8,0x00000000de780000)
  from space 7168K, 88% used [0x00000000def00000,0x00000000df52b848,0x00000000df600000)
  to   space 7680K, 0% used [0x00000000de780000,0x00000000de780000,0x00000000def00000)
 ParOldGen       total 76800K, used 3050K [0x0000000091000000, 0x0000000095b00000, 0x00000000db000000)
  object space 76800K, 3% used [0x0000000091000000,0x00000000912fabc0,0x0000000095b00000)
 Metaspace       used 20276K, capacity 21332K, committed 21376K, reserved 1067008K
  class space    used 2702K, capacity 2932K, committed 2944K, reserved 1048576K
Event: 4.904 GC heap after
Heap after GC invocations=7 (full 0):
 PSYoungGen      total 64512K, used 4887K [0x00000000db000000, 0x00000000e2d00000, 0x0000000100000000)
  eden space 56832K, 0% used [0x00000000db000000,0x00000000db000000,0x00000000de780000)
  from space 7680K, 63% used [0x00000000de780000,0x00000000dec45eb8,0x00000000def00000)
  to   space 7168K, 0% used [0x00000000e2600000,0x00000000e2600000,0x00000000e2d00000)
 ParOldGen       total 76800K, used 5626K [0x0000000091000000, 0x0000000095b00000, 0x00000000db000000)
  object space 76800K, 7% used [0x0000000091000000,0x000000009157e988,0x0000000095b00000)
 Metaspace       used 20276K, capacity 21332K, committed 21376K, reserved 1067008K
  class space    used 2702K, capacity 2932K, committed 2944K, reserved 1048576K
}
Event: 4.950 GC heap before
{Heap before GC invocations=8 (full 0):
 PSYoungGen      total 64512K, used 8066K [0x00000000db000000, 0x00000000e2d00000, 0x0000000100000000)
  eden space 56832K, 5% used [0x00000000db000000,0x00000000db31acc0,0x00000000de780000)
  from space 7680K, 63% used [0x00000000de780000,0x00000000dec45eb8,0x00000000def00000)
  to   space 7168K, 0% used [0x00000000e2600000,0x00000000e2600000,0x00000000e2d00000)
 ParOldGen       total 76800K, used 5626K [0x0000000091000000, 0x0000000095b00000, 0x00000000db000000)
  object space 76800K, 7% used [0x0000000091000000,0x000000009157e988,0x0000000095b00000)
 Metaspace       used 20451K, capacity 21534K, committed 21628K, reserved 1069056K
  class space    used 2722K, capacity 2933K, committed 2944K, reserved 1048576K
Event: 4.960 GC heap after
Heap after GC invocations=8 (full 0):
 PSYoungGen      total 120320K, used 2016K [0x00000000db000000, 0x00000000e2e00000, 0x0000000100000000)
  eden space 113152K, 0% used [0x00000000db000000,0x00000000db000000,0x00000000e1e80000)
  from space 7168K, 28% used [0x00000000e2600000,0x00000000e27f8000,0x00000000e2d00000)
  to   space 7680K, 0% used [0x00000000e1e80000,0x00000000e1e80000,0x00000000e2600000)
 ParOldGen       total 76800K, used 6969K [0x0000000091000000, 0x0000000095b00000, 0x00000000db000000)
  object space 76800K, 9% used [0x0000000091000000,0x00000000916ce4d0,0x0000000095b00000)
 Metaspace       used 20451K, capacity 21534K, committed 21628K, reserved 1069056K
  class space    used 2722K, capacity 2933K, committed 2944K, reserved 1048576K
}
Event: 4.960 GC heap before
{Heap before GC invocations=9 (full 1):
 PSYoungGen      total 120320K, used 2016K [0x00000000db000000, 0x00000000e2e00000, 0x0000000100000000)
  eden space 113152K, 0% used [0x00000000db000000,0x00000000db000000,0x00000000e1e80000)
  from space 7168K, 28% used [0x00000000e2600000,0x00000000e27f8000,0x00000000e2d00000)
  to   space 7680K, 0% used [0x00000000e1e80000,0x00000000e1e80000,0x00000000e2600000)
 ParOldGen       total 76800K, used 6969K [0x0000000091000000, 0x0000000095b00000, 0x00000000db000000)
  object space 76800K, 9% used [0x0000000091000000,0x00000000916ce4d0,0x0000000095b00000)
 Metaspace       used 20451K, capacity 21534K, committed 21628K, reserved 1069056K
  class space    used 2722K, capacity 2933K, committed 2944K, reserved 1048576K
Event: 5.022 GC heap after
Heap after GC invocations=9 (full 1):
 PSYoungGen      total 120320K, used 0K [0x00000000db000000, 0x00000000e2e00000, 0x0000000100000000)
  eden space 113152K, 0% used [0x00000000db000000,0x00000000db000000,0x00000000e1e80000)
  from space 7168K, 0% used [0x00000000e2600000,0x00000000e2600000,0x00000000e2d00000)
  to   space 7680K, 0% used [0x00000000e1e80000,0x00000000e1e80000,0x00000000e2600000)
 ParOldGen       total 42496K, used 5720K [0x0000000091000000, 0x0000000093980000, 0x00000000db000000)
  object space 42496K, 13% used [0x0000000091000000,0x0000000091596050,0x0000000093980000)
 Metaspace       used 20451K, capacity 21534K, committed 21628K, reserved 1069056K
  class space    used 2722K, capacity 2933K, committed 2944K, reserved 1048576K
}

