# JRE version: Java(TM) SE Runtime Environment (8.0_111-b14) (build 1.8.0_111-b14)
# Java VM: Java HotSpot(TM) 64-Bit Server VM (25.111-b14 mixed mode windows-amd64 compressed oops)
Heap:
 PSYoungGen      total 172032K, used 53588K [0x00000000db000000, 0x00000000eb400000, 0x0000000100000000)
  eden space 160256K, 33% used [0x00000000db000000,0x00000000de4551c0,0x00000000e4c80000)
  from space 11776K, 0% used [0x00000000e4c80000,0x00000000e4c80000,0x00000000e5800000)
  to   space 12288K, 0% used [0x00000000ea800000,0x00000000ea800000,0x00000000eb400000)
 ParOldGen       total 61952K, used 14940K [0x0000000091000000, 0x0000000094c80000, 0x00000000db000000)
  object space 61952K, 24% used [0x0000000091000000,0x0000000091e970f0,0x0000000094c80000)
 Metaspace       used 35607K, capacity 37774K, committed 38104K, reserved 1083392K
  class space    used 4598K, capacity 4979K, committed 5080K, reserved 1048576K
GC Heap History (10 events):
Event: 8.073 GC heap before
{Heap before GC invocations=7 (full 1):
 PSYoungGen      total 61952K, used 57344K [0x00000000db000000, 0x00000000e3000000, 0x0000000100000000)
  eden space 57344K, 100% used [0x00000000db000000,0x00000000de800000,0x00000000de800000)
  from space 4608K, 0% used [0x00000000de800000,0x00000000de800000,0x00000000dec80000)
  to   space 8192K, 0% used [0x00000000e2800000,0x00000000e2800000,0x00000000e3000000)
 ParOldGen       total 45568K, used 5916K [0x0000000091000000, 0x0000000093c80000, 0x00000000db000000)
  object space 45568K, 12% used [0x0000000091000000,0x00000000915c7348,0x0000000093c80000)
 Metaspace       used 24684K, capacity 25968K, committed 26240K, reserved 1073152K
  class space    used 3153K, capacity 3410K, committed 3456K, reserved 1048576K
Event: 8.082 GC heap after
Heap after GC invocations=7 (full 1):
 PSYoungGen      total 103936K, used 5936K [0x00000000db000000, 0x00000000e2e00000, 0x0000000100000000)
  eden space 97792K, 0% used [0x00000000db000000,0x00000000db000000,0x00000000e0f80000)
  from space 6144K, 96% used [0x00000000e2800000,0x00000000e2dcc0a0,0x00000000e2e00000)
  to   space 7680K, 0% used [0x00000000e1f00000,0x00000000e1f00000,0x00000000e2680000)
 ParOldGen       total 45568K, used 5924K [0x0000000091000000, 0x0000000093c80000, 0x00000000db000000)
  object space 45568K, 13% used [0x0000000091000000,0x00000000915c9348,0x0000000093c80000)
 Metaspace       used 24684K, capacity 25968K, committed 26240K, reserved 1073152K
  class space    used 3153K, capacity 3410K, committed 3456K, reserved 1048576K
}
Event: 9.392 GC heap before
{Heap before GC invocations=8 (full 1):
 PSYoungGen      total 103936K, used 103728K [0x00000000db000000, 0x00000000e2e00000, 0x0000000100000000)
  eden space 97792K, 100% used [0x00000000db000000,0x00000000e0f80000,0x00000000e0f80000)
  from space 6144K, 96% used [0x00000000e2800000,0x00000000e2dcc0a0,0x00000000e2e00000)
  to   space 7680K, 0% used [0x00000000e1f00000,0x00000000e1f00000,0x00000000e2680000)
 ParOldGen       total 45568K, used 5924K [0x0000000091000000, 0x0000000093c80000, 0x00000000db000000)
  object space 45568K, 13% used [0x0000000091000000,0x00000000915c9348,0x0000000093c80000)
 Metaspace       used 26812K, capacity 28280K, committed 28544K, reserved 1075200K
  class space    used 3385K, capacity 3678K, committed 3712K, reserved 1048576K
Event: 9.402 GC heap after
Heap after GC invocations=8 (full 1):
 PSYoungGen      total 121344K, used 7653K [0x00000000db000000, 0x00000000e6100000, 0x0000000100000000)
  eden space 113664K, 0% used [0x00000000db000000,0x00000000db000000,0x00000000e1f00000)
  from space 7680K, 99% used [0x00000000e1f00000,0x00000000e26795d8,0x00000000e2680000)
  to   space 9216K, 0% used [0x00000000e5800000,0x00000000e5800000,0x00000000e6100000)
 ParOldGen       total 45568K, used 7233K [0x0000000091000000, 0x0000000093c80000, 0x00000000db000000)
  object space 45568K, 15% used [0x0000000091000000,0x00000000917104c0,0x0000000093c80000)
 Metaspace       used 26812K, capacity 28280K, committed 28544K, reserved 1075200K
  class space    used 3385K, capacity 3678K, committed 3712K, reserved 1048576K
}
Event: 11.623 GC heap before
{Heap before GC invocations=9 (full 1):
 PSYoungGen      total 121344K, used 121317K [0x00000000db000000, 0x00000000e6100000, 0x0000000100000000)
  eden space 113664K, 100% used [0x00000000db000000,0x00000000e1f00000,0x00000000e1f00000)
  from space 7680K, 99% used [0x00000000e1f00000,0x00000000e26795d8,0x00000000e2680000)
  to   space 9216K, 0% used [0x00000000e5800000,0x00000000e5800000,0x00000000e6100000)
 ParOldGen       total 45568K, used 7233K [0x0000000091000000, 0x0000000093c80000, 0x00000000db000000)
  object space 45568K, 15% used [0x0000000091000000,0x00000000917104c0,0x0000000093c80000)
 Metaspace       used 31840K, capacity 33460K, committed 33664K, reserved 1079296K
  class space    used 4121K, capacity 4418K, committed 4480K, reserved 1048576K
Event: 11.647 GC heap after
Heap after GC invocations=9 (full 1):
 PSYoungGen      total 169472K, used 9199K [0x00000000db000000, 0x00000000e7e00000, 0x0000000100000000)
  eden space 160256K, 0% used [0x00000000db000000,0x00000000db000000,0x00000000e4c80000)
  from space 9216K, 99% used [0x00000000e5800000,0x00000000e60fbf68,0x00000000e6100000)
  to   space 11776K, 0% used [0x00000000e4c80000,0x00000000e4c80000,0x00000000e5800000)
 ParOldGen       total 45568K, used 11732K [0x0000000091000000, 0x0000000093c80000, 0x00000000db000000)
  object space 45568K, 25% used [0x0000000091000000,0x0000000091b75258,0x0000000093c80000)
 Metaspace       used 31840K, capacity 33460K, committed 33664K, reserved 1079296K
  class space    used 4121K, capacity 4418K, committed 4480K, reserved 1048576K
}
Event: 11.914 GC heap before
{Heap before GC invocations=10 (full 1):
 PSYoungGen      total 169472K, used 30522K [0x00000000db000000, 0x00000000e7e00000, 0x0000000100000000)
  eden space 160256K, 13% used [0x00000000db000000,0x00000000dc4d2c00,0x00000000e4c80000)
  from space 9216K, 99% used [0x00000000e5800000,0x00000000e60fbf68,0x00000000e6100000)
  to   space 11776K, 0% used [0x00000000e4c80000,0x00000000e4c80000,0x00000000e5800000)
 ParOldGen       total 45568K, used 11732K [0x0000000091000000, 0x0000000093c80000, 0x00000000db000000)
  object space 45568K, 25% used [0x0000000091000000,0x0000000091b75258,0x0000000093c80000)
 Metaspace       used 33640K, capacity 35322K, committed 35416K, reserved 1079296K
  class space    used 4338K, capacity 4659K, committed 4696K, reserved 1048576K
Event: 11.952 GC heap after
Heap after GC invocations=10 (full 1):
 PSYoungGen      total 172032K, used 9138K [0x00000000db000000, 0x00000000eb400000, 0x0000000100000000)
  eden space 160256K, 0% used [0x00000000db000000,0x00000000db000000,0x00000000e4c80000)
  from space 11776K, 77% used [0x00000000e4c80000,0x00000000e556caf8,0x00000000e5800000)
  to   space 12288K, 0% used [0x00000000ea800000,0x00000000ea800000,0x00000000eb400000)
 ParOldGen       total 45568K, used 13608K [0x0000000091000000, 0x0000000093c80000, 0x00000000db000000)
  object space 45568K, 29% used [0x0000000091000000,0x0000000091d4a1f8,0x0000000093c80000)
 Metaspace       used 33640K, capacity 35322K, committed 35416K, reserved 1079296K
  class space    used 4338K, capacity 4659K, committed 4696K, reserved 1048576K
}
Event: 11.952 GC heap before
{Heap before GC invocations=11 (full 2):
 PSYoungGen      total 172032K, used 9138K [0x00000000db000000, 0x00000000eb400000, 0x0000000100000000)
  eden space 160256K, 0% used [0x00000000db000000,0x00000000db000000,0x00000000e4c80000)
  from space 11776K, 77% used [0x00000000e4c80000,0x00000000e556caf8,0x00000000e5800000)
  to   space 12288K, 0% used [0x00000000ea800000,0x00000000ea800000,0x00000000eb400000)
 ParOldGen       total 45568K, used 13608K [0x0000000091000000, 0x0000000093c80000, 0x00000000db000000)
  object space 45568K, 29% used [0x0000000091000000,0x0000000091d4a1f8,0x0000000093c80000)
 Metaspace       used 33640K, capacity 35322K, committed 35416K, reserved 1079296K
  class space    used 4338K, capacity 4659K, committed 4696K, reserved 1048576K
Event: 12.026 GC heap after
Heap after GC invocations=11 (full 2):
 PSYoungGen      total 172032K, used 0K [0x00000000db000000, 0x00000000eb400000, 0x0000000100000000)
  eden space 160256K, 0% used [0x00000000db000000,0x00000000db000000,0x00000000e4c80000)
  from space 11776K, 0% used [0x00000000e4c80000,0x00000000e4c80000,0x00000000e5800000)
  to   space 12288K, 0% used [0x00000000ea800000,0x00000000ea800000,0x00000000eb400000)
 ParOldGen       total 61952K, used 14940K [0x0000000091000000, 0x0000000094c80000, 0x00000000db000000)
  object space 61952K, 24% used [0x0000000091000000,0x0000000091e970f0,0x0000000094c80000)
 Metaspace       used 33640K, capacity 35322K, committed 35416K, reserved 1079296K
  class space    used 4338K, capacity 4659K, committed 4696K, reserved 1048576K
}

