# JRE version: Java(TM) SE Runtime Environment (8.0_111-b14) (build 1.8.0_111-b14)
# Java VM: Java HotSpot(TM) 64-Bit Server VM (25.111-b14 mixed mode windows-amd64 compressed oops)
Heap:
 PSYoungGen      total 239616K, used 139740K [0x00000000db000000, 0x00000000ee580000, 0x0000000100000000)
  eden space 226304K, 55% used [0x00000000db000000,0x00000000e2b78060,0x00000000e8d00000)
  from space 13312K, 99% used [0x00000000e8d00000,0x00000000e99fefd8,0x00000000e9a00000)
  to   space 16896K, 0% used [0x00000000ed500000,0x00000000ed500000,0x00000000ee580000)
 ParOldGen       total 70144K, used 19835K [0x0000000091000000, 0x0000000095480000, 0x00000000db000000)
  object space 70144K, 28% used [0x0000000091000000,0x000000009235eea8,0x0000000095480000)
 Metaspace       used 46319K, capacity 49432K, committed 49624K, reserved 1091584K
  class space    used 5977K, capacity 6522K, committed 6616K, reserved 1048576K
GC Heap History (10 events):
Event: 10.340 GC heap before
{Heap before GC invocations=9 (full 1):
 PSYoungGen      total 121344K, used 121327K [0x00000000db000000, 0x00000000e6200000, 0x0000000100000000)
  eden space 113664K, 100% used [0x00000000db000000,0x00000000e1f00000,0x00000000e1f00000)
  from space 7680K, 99% used [0x00000000e1f00000,0x00000000e267bce8,0x00000000e2680000)
  to   space 9728K, 0% used [0x00000000e5880000,0x00000000e5880000,0x00000000e6200000)
 ParOldGen       total 45568K, used 8599K [0x0000000091000000, 0x0000000093c80000, 0x00000000db000000)
  object space 45568K, 18% used [0x0000000091000000,0x0000000091865e80,0x0000000093c80000)
 Metaspace       used 31745K, capacity 33390K, committed 33664K, reserved 1079296K
  class space    used 4112K, capacity 4417K, committed 4480K, reserved 1048576K
Event: 10.355 GC heap after
Heap after GC invocations=9 (full 1):
 PSYoungGen      total 169472K, used 9700K [0x00000000db000000, 0x00000000e7f80000, 0x0000000100000000)
  eden space 159744K, 0% used [0x00000000db000000,0x00000000db000000,0x00000000e4c00000)
  from space 9728K, 99% used [0x00000000e5880000,0x00000000e61f9100,0x00000000e6200000)
  to   space 12800K, 0% used [0x00000000e4c00000,0x00000000e4c00000,0x00000000e5880000)
 ParOldGen       total 45568K, used 12675K [0x0000000091000000, 0x0000000093c80000, 0x00000000db000000)
  object space 45568K, 27% used [0x0000000091000000,0x0000000091c60dc0,0x0000000093c80000)
 Metaspace       used 31745K, capacity 33390K, committed 33664K, reserved 1079296K
  class space    used 4112K, capacity 4417K, committed 4480K, reserved 1048576K
}
Event: 10.635 GC heap before
{Heap before GC invocations=10 (full 1):
 PSYoungGen      total 169472K, used 30962K [0x00000000db000000, 0x00000000e7f80000, 0x0000000100000000)
  eden space 159744K, 13% used [0x00000000db000000,0x00000000dc4c3700,0x00000000e4c00000)
  from space 9728K, 99% used [0x00000000e5880000,0x00000000e61f9100,0x00000000e6200000)
  to   space 12800K, 0% used [0x00000000e4c00000,0x00000000e4c00000,0x00000000e5880000)
 ParOldGen       total 45568K, used 12675K [0x0000000091000000, 0x0000000093c80000, 0x00000000db000000)
  object space 45568K, 27% used [0x0000000091000000,0x0000000091c60dc0,0x0000000093c80000)
 Metaspace       used 33627K, capacity 35322K, committed 35416K, reserved 1079296K
  class space    used 4335K, capacity 4659K, committed 4696K, reserved 1048576K
Event: 10.645 GC heap after
Heap after GC invocations=10 (full 1):
 PSYoungGen      total 172544K, used 9192K [0x00000000db000000, 0x00000000ea900000, 0x0000000100000000)
  eden space 159744K, 0% used [0x00000000db000000,0x00000000db000000,0x00000000e4c00000)
  from space 12800K, 71% used [0x00000000e4c00000,0x00000000e54fa2a0,0x00000000e5880000)
  to   space 12800K, 0% used [0x00000000e9c80000,0x00000000e9c80000,0x00000000ea900000)
 ParOldGen       total 45568K, used 14559K [0x0000000091000000, 0x0000000093c80000, 0x00000000db000000)
  object space 45568K, 31% used [0x0000000091000000,0x0000000091e37d60,0x0000000093c80000)
 Metaspace       used 33627K, capacity 35322K, committed 35416K, reserved 1079296K
  class space    used 4335K, capacity 4659K, committed 4696K, reserved 1048576K
}
Event: 10.645 GC heap before
{Heap before GC invocations=11 (full 2):
 PSYoungGen      total 172544K, used 9192K [0x00000000db000000, 0x00000000ea900000, 0x0000000100000000)
  eden space 159744K, 0% used [0x00000000db000000,0x00000000db000000,0x00000000e4c00000)
  from space 12800K, 71% used [0x00000000e4c00000,0x00000000e54fa2a0,0x00000000e5880000)
  to   space 12800K, 0% used [0x00000000e9c80000,0x00000000e9c80000,0x00000000ea900000)
 ParOldGen       total 45568K, used 14559K [0x0000000091000000, 0x0000000093c80000, 0x00000000db000000)
  object space 45568K, 31% used [0x0000000091000000,0x0000000091e37d60,0x0000000093c80000)
 Metaspace       used 33627K, capacity 35322K, committed 35416K, reserved 1079296K
  class space    used 4335K, capacity 4659K, committed 4696K, reserved 1048576K
Event: 10.762 GC heap after
Heap after GC invocations=11 (full 2):
 PSYoungGen      total 172544K, used 0K [0x00000000db000000, 0x00000000ea900000, 0x0000000100000000)
  eden space 159744K, 0% used [0x00000000db000000,0x00000000db000000,0x00000000e4c00000)
  from space 12800K, 0% used [0x00000000e4c00000,0x00000000e4c00000,0x00000000e5880000)
  to   space 12800K, 0% used [0x00000000e9c80000,0x00000000e9c80000,0x00000000ea900000)
 ParOldGen       total 70144K, used 14996K [0x0000000091000000, 0x0000000095480000, 0x00000000db000000)
  object space 70144K, 21% used [0x0000000091000000,0x0000000091ea5360,0x0000000095480000)
 Metaspace       used 33627K, capacity 35322K, committed 35416K, reserved 1079296K
  class space    used 4335K, capacity 4659K, committed 4696K, reserved 1048576K
}
Event: 12.957 GC heap before
{Heap before GC invocations=12 (full 2):
 PSYoungGen      total 172544K, used 159744K [0x00000000db000000, 0x00000000ea900000, 0x0000000100000000)
  eden space 159744K, 100% used [0x00000000db000000,0x00000000e4c00000,0x00000000e4c00000)
  from space 12800K, 0% used [0x00000000e4c00000,0x00000000e4c00000,0x00000000e5880000)
  to   space 12800K, 0% used [0x00000000e9c80000,0x00000000e9c80000,0x00000000ea900000)
 ParOldGen       total 70144K, used 14996K [0x0000000091000000, 0x0000000095480000, 0x00000000db000000)
  object space 70144K, 21% used [0x0000000091000000,0x0000000091ea5360,0x0000000095480000)
 Metaspace       used 39491K, capacity 41818K, committed 41944K, reserved 1085440K
  class space    used 5039K, capacity 5487K, committed 5592K, reserved 1048576K
Event: 12.975 GC heap after
Heap after GC invocations=12 (full 2):
 PSYoungGen      total 225280K, used 10693K [0x00000000db000000, 0x00000000ea700000, 0x0000000100000000)
  eden space 214528K, 0% used [0x00000000db000000,0x00000000db000000,0x00000000e8180000)
  from space 10752K, 99% used [0x00000000e9c80000,0x00000000ea6f1760,0x00000000ea700000)
  to   space 13312K, 0% used [0x00000000e8d00000,0x00000000e8d00000,0x00000000e9a00000)
 ParOldGen       total 70144K, used 15004K [0x0000000091000000, 0x0000000095480000, 0x00000000db000000)
  object space 70144K, 21% used [0x0000000091000000,0x0000000091ea7360,0x0000000095480000)
 Metaspace       used 39491K, capacity 41818K, committed 41944K, reserved 1085440K
  class space    used 5039K, capacity 5487K, committed 5592K, reserved 1048576K
}
Event: 16.206 GC heap before
{Heap before GC invocations=13 (full 2):
 PSYoungGen      total 225280K, used 225221K [0x00000000db000000, 0x00000000ea700000, 0x0000000100000000)
  eden space 214528K, 100% used [0x00000000db000000,0x00000000e8180000,0x00000000e8180000)
  from space 10752K, 99% used [0x00000000e9c80000,0x00000000ea6f1760,0x00000000ea700000)
  to   space 13312K, 0% used [0x00000000e8d00000,0x00000000e8d00000,0x00000000e9a00000)
 ParOldGen       total 70144K, used 15004K [0x0000000091000000, 0x0000000095480000, 0x00000000db000000)
  object space 70144K, 21% used [0x0000000091000000,0x0000000091ea7360,0x0000000095480000)
 Metaspace       used 44044K, capacity 46858K, committed 47064K, reserved 1089536K
  class space    used 5725K, capacity 6247K, committed 6360K, reserved 1048576K
Event: 16.227 GC heap after
Heap after GC invocations=13 (full 2):
 PSYoungGen      total 239616K, used 13307K [0x00000000db000000, 0x00000000ee580000, 0x0000000100000000)
  eden space 226304K, 0% used [0x00000000db000000,0x00000000db000000,0x00000000e8d00000)
  from space 13312K, 99% used [0x00000000e8d00000,0x00000000e99fefd8,0x00000000e9a00000)
  to   space 16896K, 0% used [0x00000000ed500000,0x00000000ed500000,0x00000000ee580000)
 ParOldGen       total 70144K, used 19835K [0x0000000091000000, 0x0000000095480000, 0x00000000db000000)
  object space 70144K, 28% used [0x0000000091000000,0x000000009235eea8,0x0000000095480000)
 Metaspace       used 44044K, capacity 46858K, committed 47064K, reserved 1089536K
  class space    used 5725K, capacity 6247K, committed 6360K, reserved 1048576K
}

