# JRE version: Java(TM) SE Runtime Environment (8.0_111-b14) (build 1.8.0_111-b14)
# Java VM: Java HotSpot(TM) 64-Bit Server VM (25.111-b14 mixed mode windows-amd64 compressed oops)
Heap:
 PSYoungGen      total 273408K, used 108721K [0x00000000db000000, 0x00000000f2880000, 0x0000000100000000)
  eden space 260096K, 36% used [0x00000000db000000,0x00000000e0d31460,0x00000000eae00000)
  from space 13312K, 99% used [0x00000000eae00000,0x00000000ebafafc0,0x00000000ebb00000)
  to   space 17408K, 0% used [0x00000000f1780000,0x00000000f1780000,0x00000000f2880000)
 ParOldGen       total 61952K, used 21202K [0x0000000091000000, 0x0000000094c80000, 0x00000000db000000)
  object space 61952K, 34% used [0x0000000091000000,0x00000000924b49f8,0x0000000094c80000)
 Metaspace       used 46527K, capacity 49654K, committed 49920K, reserved 1093632K
  class space    used 5996K, capacity 6567K, committed 6656K, reserved 1048576K
GC Heap History (10 events):
Event: 10.193 GC heap before
{Heap before GC invocations=9 (full 1):
 PSYoungGen      total 121344K, used 121328K [0x00000000db000000, 0x00000000e7280000, 0x0000000100000000)
  eden space 113664K, 100% used [0x00000000db000000,0x00000000e1f00000,0x00000000e1f00000)
  from space 7680K, 99% used [0x00000000e1f00000,0x00000000e267c0b8,0x00000000e2680000)
  to   space 9216K, 0% used [0x00000000e6980000,0x00000000e6980000,0x00000000e7280000)
 ParOldGen       total 43008K, used 7758K [0x0000000091000000, 0x0000000093a00000, 0x00000000db000000)
  object space 43008K, 18% used [0x0000000091000000,0x0000000091793830,0x0000000093a00000)
 Metaspace       used 32000K, capacity 33632K, committed 33664K, reserved 1079296K
  class space    used 4150K, capacity 4462K, committed 4480K, reserved 1048576K
Event: 10.211 GC heap after
Heap after GC invocations=9 (full 1):
 PSYoungGen      total 186880K, used 9211K [0x00000000db000000, 0x00000000e8880000, 0x0000000100000000)
  eden space 177664K, 0% used [0x00000000db000000,0x00000000db000000,0x00000000e5d80000)
  from space 9216K, 99% used [0x00000000e6980000,0x00000000e727ed88,0x00000000e7280000)
  to   space 12288K, 0% used [0x00000000e5d80000,0x00000000e5d80000,0x00000000e6980000)
 ParOldGen       total 43008K, used 12280K [0x0000000091000000, 0x0000000093a00000, 0x00000000db000000)
  object space 43008K, 28% used [0x0000000091000000,0x0000000091bfe380,0x0000000093a00000)
 Metaspace       used 32000K, capacity 33632K, committed 33664K, reserved 1079296K
  class space    used 4150K, capacity 4462K, committed 4480K, reserved 1048576K
}
Event: 10.429 GC heap before
{Heap before GC invocations=10 (full 1):
 PSYoungGen      total 186880K, used 26493K [0x00000000db000000, 0x00000000e8880000, 0x0000000100000000)
  eden space 177664K, 9% used [0x00000000db000000,0x00000000dc0e08a8,0x00000000e5d80000)
  from space 9216K, 99% used [0x00000000e6980000,0x00000000e727ed88,0x00000000e7280000)
  to   space 12288K, 0% used [0x00000000e5d80000,0x00000000e5d80000,0x00000000e6980000)
 ParOldGen       total 43008K, used 12280K [0x0000000091000000, 0x0000000093a00000, 0x00000000db000000)
  object space 43008K, 28% used [0x0000000091000000,0x0000000091bfe380,0x0000000093a00000)
 Metaspace       used 33627K, capacity 35326K, committed 35456K, reserved 1079296K
  class space    used 4336K, capacity 4659K, committed 4736K, reserved 1048576K
Event: 10.442 GC heap after
Heap after GC invocations=10 (full 1):
 PSYoungGen      total 189952K, used 9086K [0x00000000db000000, 0x00000000ec880000, 0x0000000100000000)
  eden space 177664K, 0% used [0x00000000db000000,0x00000000db000000,0x00000000e5d80000)
  from space 12288K, 73% used [0x00000000e5d80000,0x00000000e665f8a8,0x00000000e6980000)
  to   space 12288K, 0% used [0x00000000ebc80000,0x00000000ebc80000,0x00000000ec880000)
 ParOldGen       total 43008K, used 14144K [0x0000000091000000, 0x0000000093a00000, 0x00000000db000000)
  object space 43008K, 32% used [0x0000000091000000,0x0000000091dd0330,0x0000000093a00000)
 Metaspace       used 33627K, capacity 35326K, committed 35456K, reserved 1079296K
  class space    used 4336K, capacity 4659K, committed 4736K, reserved 1048576K
}
Event: 10.442 GC heap before
{Heap before GC invocations=11 (full 2):
 PSYoungGen      total 189952K, used 9086K [0x00000000db000000, 0x00000000ec880000, 0x0000000100000000)
  eden space 177664K, 0% used [0x00000000db000000,0x00000000db000000,0x00000000e5d80000)
  from space 12288K, 73% used [0x00000000e5d80000,0x00000000e665f8a8,0x00000000e6980000)
  to   space 12288K, 0% used [0x00000000ebc80000,0x00000000ebc80000,0x00000000ec880000)
 ParOldGen       total 43008K, used 14144K [0x0000000091000000, 0x0000000093a00000, 0x00000000db000000)
  object space 43008K, 32% used [0x0000000091000000,0x0000000091dd0330,0x0000000093a00000)
 Metaspace       used 33627K, capacity 35326K, committed 35456K, reserved 1079296K
  class space    used 4336K, capacity 4659K, committed 4736K, reserved 1048576K
Event: 10.528 GC heap after
Heap after GC invocations=11 (full 2):
 PSYoungGen      total 189952K, used 0K [0x00000000db000000, 0x00000000ec880000, 0x0000000100000000)
  eden space 177664K, 0% used [0x00000000db000000,0x00000000db000000,0x00000000e5d80000)
  from space 12288K, 0% used [0x00000000e5d80000,0x00000000e5d80000,0x00000000e6980000)
  to   space 12288K, 0% used [0x00000000ebc80000,0x00000000ebc80000,0x00000000ec880000)
 ParOldGen       total 61952K, used 14861K [0x0000000091000000, 0x0000000094c80000, 0x00000000db000000)
  object space 61952K, 23% used [0x0000000091000000,0x0000000091e837d8,0x0000000094c80000)
 Metaspace       used 33627K, capacity 35326K, committed 35456K, reserved 1079296K
  class space    used 4336K, capacity 4659K, committed 4736K, reserved 1048576K
}
Event: 12.943 GC heap before
{Heap before GC invocations=12 (full 2):
 PSYoungGen      total 189952K, used 177664K [0x00000000db000000, 0x00000000ec880000, 0x0000000100000000)
  eden space 177664K, 100% used [0x00000000db000000,0x00000000e5d80000,0x00000000e5d80000)
  from space 12288K, 0% used [0x00000000e5d80000,0x00000000e5d80000,0x00000000e6980000)
  to   space 12288K, 0% used [0x00000000ebc80000,0x00000000ebc80000,0x00000000ec880000)
 ParOldGen       total 61952K, used 14861K [0x0000000091000000, 0x0000000094c80000, 0x00000000db000000)
  object space 61952K, 23% used [0x0000000091000000,0x0000000091e837d8,0x0000000094c80000)
 Metaspace       used 39753K, capacity 42088K, committed 42240K, reserved 1085440K
  class space    used 5082K, capacity 5532K, committed 5632K, reserved 1048576K
Event: 12.959 GC heap after
Heap after GC invocations=12 (full 2):
 PSYoungGen      total 264192K, used 11540K [0x00000000db000000, 0x00000000ec800000, 0x0000000100000000)
  eden space 252416K, 0% used [0x00000000db000000,0x00000000db000000,0x00000000ea680000)
  from space 11776K, 97% used [0x00000000ebc80000,0x00000000ec7c51e0,0x00000000ec800000)
  to   space 13312K, 0% used [0x00000000eae00000,0x00000000eae00000,0x00000000ebb00000)
 ParOldGen       total 61952K, used 14869K [0x0000000091000000, 0x0000000094c80000, 0x00000000db000000)
  object space 61952K, 24% used [0x0000000091000000,0x0000000091e857d8,0x0000000094c80000)
 Metaspace       used 39753K, capacity 42088K, committed 42240K, reserved 1085440K
  class space    used 5082K, capacity 5532K, committed 5632K, reserved 1048576K
}
Event: 18.205 GC heap before
{Heap before GC invocations=13 (full 2):
 PSYoungGen      total 264192K, used 263956K [0x00000000db000000, 0x00000000ec800000, 0x0000000100000000)
  eden space 252416K, 100% used [0x00000000db000000,0x00000000ea680000,0x00000000ea680000)
  from space 11776K, 97% used [0x00000000ebc80000,0x00000000ec7c51e0,0x00000000ec800000)
  to   space 13312K, 0% used [0x00000000eae00000,0x00000000eae00000,0x00000000ebb00000)
 ParOldGen       total 61952K, used 14869K [0x0000000091000000, 0x0000000094c80000, 0x00000000db000000)
  object space 61952K, 24% used [0x0000000091000000,0x0000000091e857d8,0x0000000094c80000)
 Metaspace       used 44552K, capacity 47394K, committed 47616K, reserved 1091584K
  class space    used 5785K, capacity 6289K, committed 6400K, reserved 1048576K
Event: 18.232 GC heap after
Heap after GC invocations=13 (full 2):
 PSYoungGen      total 273408K, used 13291K [0x00000000db000000, 0x00000000f2880000, 0x0000000100000000)
  eden space 260096K, 0% used [0x00000000db000000,0x00000000db000000,0x00000000eae00000)
  from space 13312K, 99% used [0x00000000eae00000,0x00000000ebafafc0,0x00000000ebb00000)
  to   space 17408K, 0% used [0x00000000f1780000,0x00000000f1780000,0x00000000f2880000)
 ParOldGen       total 61952K, used 21202K [0x0000000091000000, 0x0000000094c80000, 0x00000000db000000)
  object space 61952K, 34% used [0x0000000091000000,0x00000000924b49f8,0x0000000094c80000)
 Metaspace       used 44552K, capacity 47394K, committed 47616K, reserved 1091584K
  class space    used 5785K, capacity 6289K, committed 6400K, reserved 1048576K
}

