# JRE version: Java(TM) SE Runtime Environment (8.0_111-b14) (build 1.8.0_111-b14)
# Java VM: Java HotSpot(TM) 64-Bit Server VM (25.111-b14 mixed mode windows-amd64 compressed oops)
Heap:
 PSYoungGen      total 359424K, used 170925K [0x00000000db000000, 0x00000000f2580000, 0x0000000100000000)
  eden space 342016K, 44% used [0x00000000db000000,0x00000000e45ec810,0x00000000efe00000)
  from space 17408K, 99% used [0x00000000f0380000,0x00000000f147efb0,0x00000000f1480000)
  to   space 15360K, 0% used [0x00000000f1680000,0x00000000f1680000,0x00000000f2580000)
 ParOldGen       total 79872K, used 39127K [0x0000000091000000, 0x0000000095e00000, 0x00000000db000000)
  object space 79872K, 48% used [0x0000000091000000,0x0000000093635fa8,0x0000000095e00000)
 Metaspace       used 74663K, capacity 79312K, committed 79576K, reserved 1118208K
  class space    used 10403K, capacity 11155K, committed 11264K, reserved 1048576K
GC Heap History (10 events):
Event: 24.741 GC heap before
{Heap before GC invocations=14 (full 2):
 PSYoungGen      total 180736K, used 178779K [0x00000000db000000, 0x00000000ebf80000, 0x0000000100000000)
  eden space 167424K, 100% used [0x00000000db000000,0x00000000e5380000,0x00000000e5380000)
  from space 13312K, 85% used [0x00000000e5380000,0x00000000e5e96e40,0x00000000e6080000)
  to   space 14336K, 0% used [0x00000000eb180000,0x00000000eb180000,0x00000000ebf80000)
 ParOldGen       total 57344K, used 17570K [0x0000000091000000, 0x0000000094800000, 0x00000000db000000)
  object space 57344K, 30% used [0x0000000091000000,0x0000000092128be0,0x0000000094800000)
 Metaspace       used 47896K, capacity 50542K, committed 50944K, reserved 1093632K
  class space    used 6338K, capacity 6825K, committed 6912K, reserved 1048576K
Event: 24.800 GC heap after
Heap after GC invocations=14 (full 2):
 PSYoungGen      total 258560K, used 11980K [0x00000000db000000, 0x00000000ebe80000, 0x0000000100000000)
  eden space 245248K, 0% used [0x00000000db000000,0x00000000db000000,0x00000000e9f80000)
  from space 13312K, 89% used [0x00000000eb180000,0x00000000ebd33088,0x00000000ebe80000)
  to   space 15872K, 0% used [0x00000000e9f80000,0x00000000e9f80000,0x00000000eaf00000)
 ParOldGen       total 57344K, used 22567K [0x0000000091000000, 0x0000000094800000, 0x00000000db000000)
  object space 57344K, 39% used [0x0000000091000000,0x0000000092609fb8,0x0000000094800000)
 Metaspace       used 47896K, capacity 50542K, committed 50944K, reserved 1093632K
  class space    used 6338K, capacity 6825K, committed 6912K, reserved 1048576K
}
Event: 28.040 GC heap before
{Heap before GC invocations=15 (full 2):
 PSYoungGen      total 258560K, used 127178K [0x00000000db000000, 0x00000000ebe80000, 0x0000000100000000)
  eden space 245248K, 46% used [0x00000000db000000,0x00000000e207fa20,0x00000000e9f80000)
  from space 13312K, 89% used [0x00000000eb180000,0x00000000ebd33088,0x00000000ebe80000)
  to   space 15872K, 0% used [0x00000000e9f80000,0x00000000e9f80000,0x00000000eaf00000)
 ParOldGen       total 57344K, used 22567K [0x0000000091000000, 0x0000000094800000, 0x00000000db000000)
  object space 57344K, 39% used [0x0000000091000000,0x0000000092609fb8,0x0000000094800000)
 Metaspace       used 56232K, capacity 58968K, committed 59096K, reserved 1099776K
  class space    used 7654K, capacity 8157K, committed 8192K, reserved 1048576K
Event: 28.059 GC heap after
Heap after GC invocations=15 (full 2):
 PSYoungGen      total 261120K, used 8962K [0x00000000db000000, 0x00000000f2580000, 0x0000000100000000)
  eden space 245248K, 0% used [0x00000000db000000,0x00000000db000000,0x00000000e9f80000)
  from space 15872K, 56% used [0x00000000e9f80000,0x00000000ea840bf8,0x00000000eaf00000)
  to   space 15360K, 0% used [0x00000000f1680000,0x00000000f1680000,0x00000000f2580000)
 ParOldGen       total 57344K, used 28314K [0x0000000091000000, 0x0000000094800000, 0x00000000db000000)
  object space 57344K, 49% used [0x0000000091000000,0x0000000092ba6aa0,0x0000000094800000)
 Metaspace       used 56232K, capacity 58968K, committed 59096K, reserved 1099776K
  class space    used 7654K, capacity 8157K, committed 8192K, reserved 1048576K
}
Event: 28.059 GC heap before
{Heap before GC invocations=16 (full 3):
 PSYoungGen      total 261120K, used 8962K [0x00000000db000000, 0x00000000f2580000, 0x0000000100000000)
  eden space 245248K, 0% used [0x00000000db000000,0x00000000db000000,0x00000000e9f80000)
  from space 15872K, 56% used [0x00000000e9f80000,0x00000000ea840bf8,0x00000000eaf00000)
  to   space 15360K, 0% used [0x00000000f1680000,0x00000000f1680000,0x00000000f2580000)
 ParOldGen       total 57344K, used 28314K [0x0000000091000000, 0x0000000094800000, 0x00000000db000000)
  object space 57344K, 49% used [0x0000000091000000,0x0000000092ba6aa0,0x0000000094800000)
 Metaspace       used 56232K, capacity 58968K, committed 59096K, reserved 1099776K
  class space    used 7654K, capacity 8157K, committed 8192K, reserved 1048576K
Event: 28.350 GC heap after
Heap after GC invocations=16 (full 3):
 PSYoungGen      total 261120K, used 0K [0x00000000db000000, 0x00000000f2580000, 0x0000000100000000)
  eden space 245248K, 0% used [0x00000000db000000,0x00000000db000000,0x00000000e9f80000)
  from space 15872K, 0% used [0x00000000e9f80000,0x00000000e9f80000,0x00000000eaf00000)
  to   space 15360K, 0% used [0x00000000f1680000,0x00000000f1680000,0x00000000f2580000)
 ParOldGen       total 79872K, used 30740K [0x0000000091000000, 0x0000000095e00000, 0x00000000db000000)
  object space 79872K, 38% used [0x0000000091000000,0x0000000092e05130,0x0000000095e00000)
 Metaspace       used 56232K, capacity 58968K, committed 59096K, reserved 1099776K
  class space    used 7654K, capacity 8157K, committed 8192K, reserved 1048576K
}
Event: 35.408 GC heap before
{Heap before GC invocations=17 (full 3):
 PSYoungGen      total 261120K, used 245248K [0x00000000db000000, 0x00000000f2580000, 0x0000000100000000)
  eden space 245248K, 100% used [0x00000000db000000,0x00000000e9f80000,0x00000000e9f80000)
  from space 15872K, 0% used [0x00000000e9f80000,0x00000000e9f80000,0x00000000eaf00000)
  to   space 15360K, 0% used [0x00000000f1680000,0x00000000f1680000,0x00000000f2580000)
 ParOldGen       total 79872K, used 30740K [0x0000000091000000, 0x0000000095e00000, 0x00000000db000000)
  object space 79872K, 38% used [0x0000000091000000,0x0000000092e05130,0x0000000095e00000)
 Metaspace       used 65856K, capacity 69096K, committed 69336K, reserved 1110016K
  class space    used 9124K, capacity 9701K, committed 9728K, reserved 1048576K
Event: 35.432 GC heap after
Heap after GC invocations=17 (full 3):
 PSYoungGen      total 357376K, used 15335K [0x00000000db000000, 0x00000000f2580000, 0x0000000100000000)
  eden space 342016K, 0% used [0x00000000db000000,0x00000000db000000,0x00000000efe00000)
  from space 15360K, 99% used [0x00000000f1680000,0x00000000f2579e98,0x00000000f2580000)
  to   space 17408K, 0% used [0x00000000f0380000,0x00000000f0380000,0x00000000f1480000)
 ParOldGen       total 79872K, used 30756K [0x0000000091000000, 0x0000000095e00000, 0x00000000db000000)
  object space 79872K, 38% used [0x0000000091000000,0x0000000092e09130,0x0000000095e00000)
 Metaspace       used 65856K, capacity 69096K, committed 69336K, reserved 1110016K
  class space    used 9124K, capacity 9701K, committed 9728K, reserved 1048576K
}
Event: 47.057 GC heap before
{Heap before GC invocations=18 (full 3):
 PSYoungGen      total 357376K, used 357351K [0x00000000db000000, 0x00000000f2580000, 0x0000000100000000)
  eden space 342016K, 100% used [0x00000000db000000,0x00000000efe00000,0x00000000efe00000)
  from space 15360K, 99% used [0x00000000f1680000,0x00000000f2579e98,0x00000000f2580000)
  to   space 17408K, 0% used [0x00000000f0380000,0x00000000f0380000,0x00000000f1480000)
 ParOldGen       total 79872K, used 30756K [0x0000000091000000, 0x0000000095e00000, 0x00000000db000000)
  object space 79872K, 38% used [0x0000000091000000,0x0000000092e09130,0x0000000095e00000)
 Metaspace       used 73581K, capacity 78118K, committed 78296K, reserved 1116160K
  class space    used 10250K, capacity 10998K, committed 11008K, reserved 1048576K
Event: 48.439 GC heap after
Heap after GC invocations=18 (full 3):
 PSYoungGen      total 359424K, used 17403K [0x00000000db000000, 0x00000000f2580000, 0x0000000100000000)
  eden space 342016K, 0% used [0x00000000db000000,0x00000000db000000,0x00000000efe00000)
  from space 17408K, 99% used [0x00000000f0380000,0x00000000f147efb0,0x00000000f1480000)
  to   space 15360K, 0% used [0x00000000f1680000,0x00000000f1680000,0x00000000f2580000)
 ParOldGen       total 79872K, used 39127K [0x0000000091000000, 0x0000000095e00000, 0x00000000db000000)
  object space 79872K, 48% used [0x0000000091000000,0x0000000093635fa8,0x0000000095e00000)
 Metaspace       used 73581K, capacity 78118K, committed 78296K, reserved 1116160K
  class space    used 10250K, capacity 10998K, committed 11008K, reserved 1048576K
}

