# JRE version: Java(TM) SE Runtime Environment (8.0_111-b14) (build 1.8.0_111-b14)
# Java VM: Java HotSpot(TM) 64-Bit Server VM (25.111-b14 mixed mode windows-amd64 compressed oops)
Heap:
 PSYoungGen      total 252416K, used 252411K [0x00000000db000000, 0x00000000ef680000, 0x0000000100000000)
  eden space 237056K, 100% used [0x00000000db000000,0x00000000e9780000,0x00000000e9780000)
  from space 15360K, 99% used [0x00000000e9780000,0x00000000ea67ec10,0x00000000ea680000)
  to   space 18432K, 0% used [0x00000000ee480000,0x00000000ee480000,0x00000000ef680000)
 ParOldGen       total 104960K, used 35243K [0x0000000091000000, 0x0000000097680000, 0x00000000db000000)
  object space 104960K, 33% used [0x0000000091000000,0x000000009326af18,0x0000000097680000)
 Metaspace       used 74193K, capacity 78826K, committed 78936K, reserved 1118208K
  class space    used 10327K, capacity 11086K, committed 11136K, reserved 1048576K
GC Heap History (10 events):
Event: 18.568 GC heap before
{Heap before GC invocations=14 (full 2):
 PSYoungGen      total 152576K, used 152544K [0x00000000db000000, 0x00000000e8100000, 0x0000000100000000)
  eden space 141312K, 100% used [0x00000000db000000,0x00000000e3a00000,0x00000000e3a00000)
  from space 11264K, 99% used [0x00000000e3a00000,0x00000000e44f83c0,0x00000000e4500000)
  to   space 12800K, 0% used [0x00000000e7480000,0x00000000e7480000,0x00000000e8100000)
 ParOldGen       total 69120K, used 15369K [0x0000000091000000, 0x0000000095380000, 0x00000000db000000)
  object space 69120K, 22% used [0x0000000091000000,0x0000000091f026b0,0x0000000095380000)
 Metaspace       used 45591K, capacity 48138K, committed 48256K, reserved 1091584K
  class space    used 6048K, capacity 6505K, committed 6528K, reserved 1048576K
Event: 18.618 GC heap after
Heap after GC invocations=14 (full 2):
 PSYoungGen      total 197120K, used 8509K [0x00000000db000000, 0x00000000e7f00000, 0x0000000100000000)
  eden space 186368K, 0% used [0x00000000db000000,0x00000000db000000,0x00000000e6600000)
  from space 10752K, 79% used [0x00000000e7480000,0x00000000e7ccf6e0,0x00000000e7f00000)
  to   space 12800K, 0% used [0x00000000e6600000,0x00000000e6600000,0x00000000e7280000)
 ParOldGen       total 69120K, used 20382K [0x0000000091000000, 0x0000000095380000, 0x00000000db000000)
  object space 69120K, 29% used [0x0000000091000000,0x00000000923e7ab8,0x0000000095380000)
 Metaspace       used 45591K, capacity 48138K, committed 48256K, reserved 1091584K
  class space    used 6048K, capacity 6505K, committed 6528K, reserved 1048576K
}
Event: 22.848 GC heap before
{Heap before GC invocations=15 (full 2):
 PSYoungGen      total 197120K, used 176488K [0x00000000db000000, 0x00000000e7f00000, 0x0000000100000000)
  eden space 186368K, 90% used [0x00000000db000000,0x00000000e540ab68,0x00000000e6600000)
  from space 10752K, 79% used [0x00000000e7480000,0x00000000e7ccf6e0,0x00000000e7f00000)
  to   space 12800K, 0% used [0x00000000e6600000,0x00000000e6600000,0x00000000e7280000)
 ParOldGen       total 69120K, used 20382K [0x0000000091000000, 0x0000000095380000, 0x00000000db000000)
  object space 69120K, 29% used [0x0000000091000000,0x00000000923e7ab8,0x0000000095380000)
 Metaspace       used 56240K, capacity 59000K, committed 59096K, reserved 1099776K
  class space    used 7656K, capacity 8189K, committed 8192K, reserved 1048576K
Event: 22.876 GC heap after
Heap after GC invocations=15 (full 2):
 PSYoungGen      total 199168K, used 12382K [0x00000000db000000, 0x00000000eb780000, 0x0000000100000000)
  eden space 186368K, 0% used [0x00000000db000000,0x00000000db000000,0x00000000e6600000)
  from space 12800K, 96% used [0x00000000e6600000,0x00000000e7217a30,0x00000000e7280000)
  to   space 14336K, 0% used [0x00000000ea980000,0x00000000ea980000,0x00000000eb780000)
 ParOldGen       total 69120K, used 24564K [0x0000000091000000, 0x0000000095380000, 0x00000000db000000)
  object space 69120K, 35% used [0x0000000091000000,0x00000000927fd3e8,0x0000000095380000)
 Metaspace       used 56240K, capacity 59000K, committed 59096K, reserved 1099776K
  class space    used 7656K, capacity 8189K, committed 8192K, reserved 1048576K
}
Event: 22.876 GC heap before
{Heap before GC invocations=16 (full 3):
 PSYoungGen      total 199168K, used 12382K [0x00000000db000000, 0x00000000eb780000, 0x0000000100000000)
  eden space 186368K, 0% used [0x00000000db000000,0x00000000db000000,0x00000000e6600000)
  from space 12800K, 96% used [0x00000000e6600000,0x00000000e7217a30,0x00000000e7280000)
  to   space 14336K, 0% used [0x00000000ea980000,0x00000000ea980000,0x00000000eb780000)
 ParOldGen       total 69120K, used 24564K [0x0000000091000000, 0x0000000095380000, 0x00000000db000000)
  object space 69120K, 35% used [0x0000000091000000,0x00000000927fd3e8,0x0000000095380000)
 Metaspace       used 56240K, capacity 59000K, committed 59096K, reserved 1099776K
  class space    used 7656K, capacity 8189K, committed 8192K, reserved 1048576K
Event: 23.155 GC heap after
Heap after GC invocations=16 (full 3):
 PSYoungGen      total 199168K, used 0K [0x00000000db000000, 0x00000000eb780000, 0x0000000100000000)
  eden space 186368K, 0% used [0x00000000db000000,0x00000000db000000,0x00000000e6600000)
  from space 12800K, 0% used [0x00000000e6600000,0x00000000e6600000,0x00000000e7280000)
  to   space 14336K, 0% used [0x00000000ea980000,0x00000000ea980000,0x00000000eb780000)
 ParOldGen       total 104960K, used 32479K [0x0000000091000000, 0x0000000097680000, 0x00000000db000000)
  object space 104960K, 30% used [0x0000000091000000,0x0000000092fb7f90,0x0000000097680000)
 Metaspace       used 56240K, capacity 59000K, committed 59096K, reserved 1099776K
  class space    used 7656K, capacity 8189K, committed 8192K, reserved 1048576K
}
Event: 29.044 GC heap before
{Heap before GC invocations=17 (full 3):
 PSYoungGen      total 199168K, used 186368K [0x00000000db000000, 0x00000000eb780000, 0x0000000100000000)
  eden space 186368K, 100% used [0x00000000db000000,0x00000000e6600000,0x00000000e6600000)
  from space 12800K, 0% used [0x00000000e6600000,0x00000000e6600000,0x00000000e7280000)
  to   space 14336K, 0% used [0x00000000ea980000,0x00000000ea980000,0x00000000eb780000)
 ParOldGen       total 104960K, used 32479K [0x0000000091000000, 0x0000000097680000, 0x00000000db000000)
  object space 104960K, 30% used [0x0000000091000000,0x0000000092fb7f90,0x0000000097680000)
 Metaspace       used 65102K, capacity 68118K, committed 68184K, reserved 1107968K
  class space    used 9019K, capacity 9560K, committed 9600K, reserved 1048576K
Event: 29.114 GC heap after
Heap after GC invocations=17 (full 3):
 PSYoungGen      total 247808K, used 11861K [0x00000000db000000, 0x00000000eb580000, 0x0000000100000000)
  eden space 235520K, 0% used [0x00000000db000000,0x00000000db000000,0x00000000e9600000)
  from space 12288K, 96% used [0x00000000ea980000,0x00000000eb515708,0x00000000eb580000)
  to   space 15360K, 0% used [0x00000000e9780000,0x00000000e9780000,0x00000000ea680000)
 ParOldGen       total 104960K, used 32487K [0x0000000091000000, 0x0000000097680000, 0x00000000db000000)
  object space 104960K, 30% used [0x0000000091000000,0x0000000092fb9f90,0x0000000097680000)
 Metaspace       used 65102K, capacity 68118K, committed 68184K, reserved 1107968K
  class space    used 9019K, capacity 9560K, committed 9600K, reserved 1048576K
}
Event: 37.517 GC heap before
{Heap before GC invocations=18 (full 3):
 PSYoungGen      total 247808K, used 247381K [0x00000000db000000, 0x00000000eb580000, 0x0000000100000000)
  eden space 235520K, 100% used [0x00000000db000000,0x00000000e9600000,0x00000000e9600000)
  from space 12288K, 96% used [0x00000000ea980000,0x00000000eb515708,0x00000000eb580000)
  to   space 15360K, 0% used [0x00000000e9780000,0x00000000e9780000,0x00000000ea680000)
 ParOldGen       total 104960K, used 32487K [0x0000000091000000, 0x0000000097680000, 0x00000000db000000)
  object space 104960K, 30% used [0x0000000091000000,0x0000000092fb9f90,0x0000000097680000)
 Metaspace       used 71628K, capacity 75778K, committed 75992K, reserved 1114112K
  class space    used 9951K, capacity 10648K, committed 10752K, reserved 1048576K
Event: 37.626 GC heap after
Heap after GC invocations=18 (full 3):
 PSYoungGen      total 252416K, used 15355K [0x00000000db000000, 0x00000000ef680000, 0x0000000100000000)
  eden space 237056K, 0% used [0x00000000db000000,0x00000000db000000,0x00000000e9780000)
  from space 15360K, 99% used [0x00000000e9780000,0x00000000ea67ec10,0x00000000ea680000)
  to   space 18432K, 0% used [0x00000000ee480000,0x00000000ee480000,0x00000000ef680000)
 ParOldGen       total 104960K, used 35243K [0x0000000091000000, 0x0000000097680000, 0x00000000db000000)
  object space 104960K, 33% used [0x0000000091000000,0x000000009326af18,0x0000000097680000)
 Metaspace       used 71628K, capacity 75778K, committed 75992K, reserved 1114112K
  class space    used 9951K, capacity 10648K, committed 10752K, reserved 1048576K
}

