# JRE version: Java(TM) SE Runtime Environment (8.0_111-b14) (build 1.8.0_111-b14)
# Java VM: Java HotSpot(TM) 64-Bit Server VM (25.111-b14 mixed mode windows-amd64 compressed oops)
Heap:
 PSYoungGen      total 293376K, used 35428K [0x00000000db000000, 0x00000000f1380000, 0x0000000100000000)
  eden space 275456K, 6% used [0x00000000db000000,0x00000000dc11f418,0x00000000ebd00000)
  from space 17920K, 99% used [0x00000000ebd00000,0x00000000ece79dd8,0x00000000ece80000)
  to   space 22528K, 0% used [0x00000000efd80000,0x00000000efd80000,0x00000000f1380000)
 ParOldGen       total 86016K, used 25511K [0x0000000091000000, 0x0000000096400000, 0x00000000db000000)
  object space 86016K, 29% used [0x0000000091000000,0x00000000928e9d40,0x0000000096400000)
 Metaspace       used 76744K, capacity 81536K, committed 81880K, reserved 1120256K
  class space    used 10638K, capacity 11389K, committed 11480K, reserved 1048576K
GC Heap History (10 events):
Event: 12.650 GC heap before
{Heap before GC invocations=14 (full 2):
 PSYoungGen      total 166400K, used 162858K [0x00000000db000000, 0x00000000e9600000, 0x0000000100000000)
  eden space 155136K, 100% used [0x00000000db000000,0x00000000e4780000,0x00000000e4780000)
  from space 11264K, 68% used [0x00000000e4780000,0x00000000e4f0a9f8,0x00000000e5280000)
  to   space 11264K, 0% used [0x00000000e8b00000,0x00000000e8b00000,0x00000000e9600000)
 ParOldGen       total 62976K, used 14882K [0x0000000091000000, 0x0000000094d80000, 0x00000000db000000)
  object space 62976K, 23% used [0x0000000091000000,0x0000000091e88b60,0x0000000094d80000)
 Metaspace       used 54477K, capacity 57062K, committed 57344K, reserved 1097728K
  class space    used 7614K, capacity 8078K, committed 8192K, reserved 1048576K
Event: 12.677 GC heap after
Heap after GC invocations=14 (full 2):
 PSYoungGen      total 219648K, used 11232K [0x00000000db000000, 0x00000000e9b00000, 0x0000000100000000)
  eden space 208384K, 0% used [0x00000000db000000,0x00000000db000000,0x00000000e7b80000)
  from space 11264K, 99% used [0x00000000e8b00000,0x00000000e95f8320,0x00000000e9600000)
  to   space 15872K, 0% used [0x00000000e7b80000,0x00000000e7b80000,0x00000000e8b00000)
 ParOldGen       total 62976K, used 23981K [0x0000000091000000, 0x0000000094d80000, 0x00000000db000000)
  object space 62976K, 38% used [0x0000000091000000,0x000000009276b6f8,0x0000000094d80000)
 Metaspace       used 54477K, capacity 57062K, committed 57344K, reserved 1097728K
  class space    used 7614K, capacity 8078K, committed 8192K, reserved 1048576K
}
Event: 13.107 GC heap before
{Heap before GC invocations=15 (full 2):
 PSYoungGen      total 219648K, used 33549K [0x00000000db000000, 0x00000000e9b00000, 0x0000000100000000)
  eden space 208384K, 10% used [0x00000000db000000,0x00000000dc5cb3d8,0x00000000e7b80000)
  from space 11264K, 99% used [0x00000000e8b00000,0x00000000e95f8320,0x00000000e9600000)
  to   space 15872K, 0% used [0x00000000e7b80000,0x00000000e7b80000,0x00000000e8b00000)
 ParOldGen       total 62976K, used 23981K [0x0000000091000000, 0x0000000094d80000, 0x00000000db000000)
  object space 62976K, 38% used [0x0000000091000000,0x000000009276b6f8,0x0000000094d80000)
 Metaspace       used 56356K, capacity 58960K, committed 59096K, reserved 1099776K
  class space    used 7907K, capacity 8357K, committed 8408K, reserved 1048576K
Event: 13.116 GC heap after
Heap after GC invocations=15 (full 2):
 PSYoungGen      total 224256K, used 2151K [0x00000000db000000, 0x00000000ee100000, 0x0000000100000000)
  eden space 208384K, 0% used [0x00000000db000000,0x00000000db000000,0x00000000e7b80000)
  from space 15872K, 13% used [0x00000000e7b80000,0x00000000e7d99c50,0x00000000e8b00000)
  to   space 15872K, 0% used [0x00000000ed180000,0x00000000ed180000,0x00000000ee100000)
 ParOldGen       total 62976K, used 27432K [0x0000000091000000, 0x0000000094d80000, 0x00000000db000000)
  object space 62976K, 43% used [0x0000000091000000,0x0000000092aca158,0x0000000094d80000)
 Metaspace       used 56356K, capacity 58960K, committed 59096K, reserved 1099776K
  class space    used 7907K, capacity 8357K, committed 8408K, reserved 1048576K
}
Event: 13.116 GC heap before
{Heap before GC invocations=16 (full 3):
 PSYoungGen      total 224256K, used 2151K [0x00000000db000000, 0x00000000ee100000, 0x0000000100000000)
  eden space 208384K, 0% used [0x00000000db000000,0x00000000db000000,0x00000000e7b80000)
  from space 15872K, 13% used [0x00000000e7b80000,0x00000000e7d99c50,0x00000000e8b00000)
  to   space 15872K, 0% used [0x00000000ed180000,0x00000000ed180000,0x00000000ee100000)
 ParOldGen       total 62976K, used 27432K [0x0000000091000000, 0x0000000094d80000, 0x00000000db000000)
  object space 62976K, 43% used [0x0000000091000000,0x0000000092aca158,0x0000000094d80000)
 Metaspace       used 56356K, capacity 58960K, committed 59096K, reserved 1099776K
  class space    used 7907K, capacity 8357K, committed 8408K, reserved 1048576K
Event: 13.336 GC heap after
Heap after GC invocations=16 (full 3):
 PSYoungGen      total 224256K, used 0K [0x00000000db000000, 0x00000000ee100000, 0x0000000100000000)
  eden space 208384K, 0% used [0x00000000db000000,0x00000000db000000,0x00000000e7b80000)
  from space 15872K, 0% used [0x00000000e7b80000,0x00000000e7b80000,0x00000000e8b00000)
  to   space 15872K, 0% used [0x00000000ed180000,0x00000000ed180000,0x00000000ee100000)
 ParOldGen       total 86016K, used 20958K [0x0000000091000000, 0x0000000096400000, 0x00000000db000000)
  object space 86016K, 24% used [0x0000000091000000,0x0000000092477970,0x0000000096400000)
 Metaspace       used 56356K, capacity 58960K, committed 59096K, reserved 1099776K
  class space    used 7907K, capacity 8357K, committed 8408K, reserved 1048576K
}
Event: 16.585 GC heap before
{Heap before GC invocations=17 (full 3):
 PSYoungGen      total 224256K, used 208384K [0x00000000db000000, 0x00000000ee100000, 0x0000000100000000)
  eden space 208384K, 100% used [0x00000000db000000,0x00000000e7b80000,0x00000000e7b80000)
  from space 15872K, 0% used [0x00000000e7b80000,0x00000000e7b80000,0x00000000e8b00000)
  to   space 15872K, 0% used [0x00000000ed180000,0x00000000ed180000,0x00000000ee100000)
 ParOldGen       total 86016K, used 20958K [0x0000000091000000, 0x0000000096400000, 0x00000000db000000)
  object space 86016K, 24% used [0x0000000091000000,0x0000000092477970,0x0000000096400000)
 Metaspace       used 63752K, capacity 67662K, committed 67800K, reserved 1107968K
  class space    used 8998K, capacity 9630K, committed 9688K, reserved 1048576K
Event: 16.606 GC heap after
Heap after GC invocations=17 (full 3):
 PSYoungGen      total 276992K, used 14554K [0x00000000db000000, 0x00000000ee000000, 0x0000000100000000)
  eden space 262144K, 0% used [0x00000000db000000,0x00000000db000000,0x00000000eb000000)
  from space 14848K, 98% used [0x00000000ed180000,0x00000000edfb6ba8,0x00000000ee000000)
  to   space 17920K, 0% used [0x00000000ebd00000,0x00000000ebd00000,0x00000000ece80000)
 ParOldGen       total 86016K, used 20966K [0x0000000091000000, 0x0000000096400000, 0x00000000db000000)
  object space 86016K, 24% used [0x0000000091000000,0x0000000092479970,0x0000000096400000)
 Metaspace       used 63752K, capacity 67662K, committed 67800K, reserved 1107968K
  class space    used 8998K, capacity 9630K, committed 9688K, reserved 1048576K
}
Event: 7318.031 GC heap before
{Heap before GC invocations=18 (full 3):
 PSYoungGen      total 276992K, used 276698K [0x00000000db000000, 0x00000000ee000000, 0x0000000100000000)
  eden space 262144K, 100% used [0x00000000db000000,0x00000000eb000000,0x00000000eb000000)
  from space 14848K, 98% used [0x00000000ed180000,0x00000000edfb6ba8,0x00000000ee000000)
  to   space 17920K, 0% used [0x00000000ebd00000,0x00000000ebd00000,0x00000000ece80000)
 ParOldGen       total 86016K, used 20966K [0x0000000091000000, 0x0000000096400000, 0x00000000db000000)
  object space 86016K, 24% used [0x0000000091000000,0x0000000092479970,0x0000000096400000)
 Metaspace       used 76720K, capacity 81536K, committed 81880K, reserved 1120256K
  class space    used 10637K, capacity 11389K, committed 11480K, reserved 1048576K
Event: 7318.341 GC heap after
Heap after GC invocations=18 (full 3):
 PSYoungGen      total 293376K, used 17895K [0x00000000db000000, 0x00000000f1380000, 0x0000000100000000)
  eden space 275456K, 0% used [0x00000000db000000,0x00000000db000000,0x00000000ebd00000)
  from space 17920K, 99% used [0x00000000ebd00000,0x00000000ece79dd8,0x00000000ece80000)
  to   space 22528K, 0% used [0x00000000efd80000,0x00000000efd80000,0x00000000f1380000)
 ParOldGen       total 86016K, used 25511K [0x0000000091000000, 0x0000000096400000, 0x00000000db000000)
  object space 86016K, 29% used [0x0000000091000000,0x00000000928e9d40,0x0000000096400000)
 Metaspace       used 76720K, capacity 81536K, committed 81880K, reserved 1120256K
  class space    used 10637K, capacity 11389K, committed 11480K, reserved 1048576K
}

